<?xml version="1.0" encoding="UTF-8"?>
<!-- Generated by org.testng.reporters.JUnitReportReporter -->
<testsuite skipped="0" hostname="DESKTOP-6RRFP2O" name="TestCases.SearchHospitalTest" tests="1" failures="0" timestamp="2021-03-24T12:01:04 IST" time="54.769" errors="0">
  <testcase name="getHospitalsNmaes" time="54.769" classname="TestCases.SearchHospitalTest"/>
  <system-out/>
</testsuite> <!-- TestCases.SearchHospitalTest -->
