<?xml version="1.0" encoding="UTF-8"?>
<!-- Generated by org.testng.reporters.JUnitReportReporter -->
<testsuite skipped="0" hostname="DESKTOP-6RRFP2O" name="TestCases.CorporateWellnessTest" tests="1" failures="0" timestamp="2021-03-31T12:50:02 IST" time="22.423" errors="0">
  <testcase name="corporateWellnessTest" time="22.423" classname="TestCases.CorporateWellnessTest"/>
  <system-out/>
</testsuite> <!-- TestCases.CorporateWellnessTest -->
