<?xml version="1.0" encoding="UTF-8"?>
<!-- Generated by org.testng.reporters.JUnitReportReporter -->
<testsuite skipped="0" hostname="DESKTOP-6RRFP2O" name="TestCases.CorporateWellnessTest" tests="1" failures="0" timestamp="2021-03-27T16:41:48 IST" time="17.695" errors="0">
  <testcase name="corporateWellnessTest" time="17.695" classname="TestCases.CorporateWellnessTest"/>
  <system-out/>
</testsuite> <!-- TestCases.CorporateWellnessTest -->
