<?xml version="1.0" encoding="UTF-8"?>
<!-- Generated by org.testng.reporters.JUnitReportReporter -->
<testsuite skipped="0" hostname="DESKTOP-6RRFP2O" name="TestCases.TopMenuTest" tests="5" failures="0" timestamp="2021-03-24T12:01:04 IST" time="103.981" errors="0">
  <testcase name="pharmacyButtontest" time="19.970" classname="TestCases.TopMenuTest"/>
  <system-out/>
  <testcase name="homeButtontest" time="18.674" classname="TestCases.TopMenuTest"/>
  <system-out/>
  <testcase name="consultButtontest" time="20.664" classname="TestCases.TopMenuTest"/>
  <system-out/>
  <testcase name="diagnosticsButtontest" time="23.348" classname="TestCases.TopMenuTest"/>
  <system-out/>
  <testcase name="doctorsButtontest" time="21.325" classname="TestCases.TopMenuTest"/>
  <system-out/>
</testsuite> <!-- TestCases.TopMenuTest -->
