<?xml version="1.0" encoding="UTF-8"?>
<!-- Generated by org.testng.reporters.JUnitReportReporter -->
<testsuite skipped="0" hostname="DESKTOP-6RRFP2O" name="TestCases.LowerMenuTest" tests="5" failures="0" timestamp="2021-03-19T17:29:34 IST" time="95.330" errors="0">
  <testcase name="searchforclinicTest" time="19.915" classname="TestCases.LowerMenuTest"/>
  <system-out/>
  <testcase name="BookDiagnosticTest" time="19.994" classname="TestCases.LowerMenuTest"/>
  <system-out/>
  <testcase name="BookfullbodyCheckups" time="17.941" classname="TestCases.LowerMenuTest"/>
  <system-out/>
  <testcase name="searchfordoctorsTest" time="18.350" classname="TestCases.LowerMenuTest"/>
  <system-out/>
  <testcase name="searchforhospitalsTest" time="19.130" classname="TestCases.LowerMenuTest"/>
  <system-out/>
</testsuite> <!-- TestCases.LowerMenuTest -->
