<?xml version="1.0" encoding="UTF-8"?>
<!-- Generated by org.testng.reporters.JUnitReportReporter -->
<testsuite skipped="0" hostname="DESKTOP-6RRFP2O" name="TestCases.LogInTest" tests="2" failures="0" timestamp="2021-03-31T12:50:02 IST" time="46.460" errors="0">
  <testcase name="verifyLogInWithInvalidCredentials" time="24.564" classname="TestCases.LogInTest"/>
  <system-out/>
  <testcase name="verifyLogInWithvalidCredentials" time="21.896" classname="TestCases.LogInTest"/>
  <system-out/>
</testsuite> <!-- TestCases.LogInTest -->
