<?xml version="1.0" encoding="UTF-8"?>
<!-- Generated by org.testng.reporters.JUnitReportReporter -->
<testsuite skipped="0" hostname="DESKTOP-6RRFP2O" name="TestCases.LowerMenuTest" tests="5" failures="0" timestamp="2021-03-24T12:01:04 IST" time="138.654" errors="0">
  <testcase name="searchforclinicTest" time="27.946" classname="TestCases.LowerMenuTest"/>
  <system-out/>
  <testcase name="BookfullbodyCheckups" time="25.796" classname="TestCases.LowerMenuTest"/>
  <system-out/>
  <testcase name="searchfordoctorsTest" time="31.191" classname="TestCases.LowerMenuTest"/>
  <system-out/>
  <testcase name="searchforhospitalsTest" time="27.268" classname="TestCases.LowerMenuTest"/>
  <system-out/>
  <testcase name="BookDiagnosticTest" time="26.453" classname="TestCases.LowerMenuTest"/>
  <system-out/>
</testsuite> <!-- TestCases.LowerMenuTest -->
