<?xml version="1.0" encoding="UTF-8"?>
<!-- Generated by org.testng.reporters.JUnitReportReporter -->
<testsuite skipped="0" hostname="DESKTOP-6RRFP2O" name="TestCases.LowerMenuTest" tests="5" failures="0" timestamp="2021-03-30T20:27:29 IST" time="185.384" errors="0">
  <testcase name="BookDiagnosticTest" time="31.201" classname="TestCases.LowerMenuTest"/>
  <system-out/>
  <testcase name="searchfordoctorsTest" time="33.837" classname="TestCases.LowerMenuTest"/>
  <system-out/>
  <testcase name="searchforclinicTest" time="56.708" classname="TestCases.LowerMenuTest"/>
  <system-out/>
  <testcase name="searchforhospitalsTest" time="35.447" classname="TestCases.LowerMenuTest"/>
  <system-out/>
  <testcase name="BookfullbodyCheckups" time="28.191" classname="TestCases.LowerMenuTest"/>
  <system-out/>
</testsuite> <!-- TestCases.LowerMenuTest -->
