<?xml version="1.0" encoding="UTF-8"?>
<!-- Generated by org.testng.reporters.JUnitReportReporter -->
<testsuite skipped="0" hostname="DESKTOP-6RRFP2O" name="TestCases.DiagnosticTest" tests="1" failures="0" timestamp="2021-03-24T12:01:04 IST" time="23.790" errors="0">
  <testcase name="topCitiesTest" time="23.790" classname="TestCases.DiagnosticTest"/>
  <system-out/>
</testsuite> <!-- TestCases.DiagnosticTest -->
