<?xml version="1.0" encoding="UTF-8"?>
<!-- Generated by org.testng.reporters.JUnitReportReporter -->
<testsuite skipped="0" hostname="DESKTOP-6RRFP2O" name="TestCases.LogInTest" tests="2" failures="0" timestamp="2021-03-24T12:01:04 IST" time="53.792" errors="0">
  <testcase name="verifyLogInWithvalidCredentials" time="24.932" classname="TestCases.LogInTest"/>
  <system-out/>
  <testcase name="verifyLogInWithInvalidCredentials" time="28.860" classname="TestCases.LogInTest"/>
  <system-out/>
</testsuite> <!-- TestCases.LogInTest -->
