<?xml version="1.0" encoding="UTF-8"?>
<!-- Generated by org.testng.reporters.JUnitReportReporter -->
<testsuite skipped="0" hostname="DESKTOP-6RRFP2O" name="TestCases.LowerMenuTest" tests="5" failures="0" timestamp="2021-03-31T12:50:02 IST" time="189.380" errors="0">
  <testcase name="searchforhospitalsTest" time="41.686" classname="TestCases.LowerMenuTest"/>
  <system-out/>
  <testcase name="searchforclinicTest" time="36.933" classname="TestCases.LowerMenuTest"/>
  <system-out/>
  <testcase name="BookDiagnosticTest" time="36.239" classname="TestCases.LowerMenuTest"/>
  <system-out/>
  <testcase name="searchfordoctorsTest" time="36.508" classname="TestCases.LowerMenuTest"/>
  <system-out/>
  <testcase name="BookfullbodyCheckups" time="38.014" classname="TestCases.LowerMenuTest"/>
  <system-out/>
</testsuite> <!-- TestCases.LowerMenuTest -->
