<?xml version="1.0" encoding="UTF-8"?>
<!-- Generated by org.testng.reporters.JUnitReportReporter -->
<testsuite skipped="0" hostname="DESKTOP-6RRFP2O" name="TestCases.TopMenuTest" tests="5" failures="0" timestamp="2021-03-31T12:50:02 IST" time="121.487" errors="0">
  <testcase name="consultButtontest" time="22.167" classname="TestCases.TopMenuTest"/>
  <system-out/>
  <testcase name="homeButtontest" time="17.799" classname="TestCases.TopMenuTest"/>
  <system-out/>
  <testcase name="diagnosticsButtontest" time="19.341" classname="TestCases.TopMenuTest"/>
  <system-out/>
  <testcase name="doctorsButtontest" time="19.473" classname="TestCases.TopMenuTest"/>
  <system-out/>
  <testcase name="pharmacyButtontest" time="42.707" classname="TestCases.TopMenuTest"/>
  <system-out/>
</testsuite> <!-- TestCases.TopMenuTest -->
