<?xml version="1.0" encoding="UTF-8"?>
<!-- Generated by org.testng.reporters.JUnitReportReporter -->
<testsuite skipped="0" hostname="DESKTOP-6RRFP2O" name="TestCases.DiagnosticTest" tests="1" failures="0" timestamp="2021-03-31T12:50:02 IST" time="35.437" errors="0">
  <testcase name="topCitiesTest" time="35.437" classname="TestCases.DiagnosticTest"/>
  <system-out/>
</testsuite> <!-- TestCases.DiagnosticTest -->
